<?xml version="1.0" encoding="UTF-8"?>
<!-- Generated by org.testng.reporters.JUnitReportReporter -->
<testsuite hostname="dell" failures="0" tests="1" name="ForgetPassTest" time="17.077" errors="0" timestamp="2021-05-02T16:43:50 IST" skipped="0">
  <testcase classname="ForgetPassTest" name="forgetPassTest" time="17.077"/>
  <system-out/>
</testsuite> <!-- ForgetPassTest -->
