<?xml version="1.0" encoding="UTF-8"?>
<!-- Generated by org.testng.reporters.JUnitReportReporter -->
<testsuite hostname="dell" failures="0" tests="1" name="SanitasLogin" time="32.444" errors="0" timestamp="2021-05-02T16:43:50 IST" skipped="0">
  <testcase classname="SanitasLogin" name="SLogin" time="32.444"/>
  <system-out/>
</testsuite> <!-- SanitasLogin -->
